<?xml version="1.0" encoding="UTF-8"?>
<testng-results ignored="0" total="1" passed="1" failed="0" skipped="0">
  <reporter-output>
  </reporter-output>
  <suite started-at="2025-07-30T16:35:06 IST" name="Default suite" finished-at="2025-07-30T16:35:15 IST" duration-ms="9255">
    <groups>
    </groups>
    <test started-at="2025-07-30T16:35:06 IST" name="Default test" finished-at="2025-07-30T16:35:15 IST" duration-ms="9255">
      <class name="baselibrary.baselibrary">
        <test-method signature="launchurl()[pri:0, instance:baselibrary.baselibrary@ba2f4ec]" started-at="2025-07-30T16:35:06 IST" name="launchurl" finished-at="2025-07-30T16:35:15 IST" duration-ms="9191" status="PASS">
          <reporter-output>
          </reporter-output>
        </test-method> <!-- launchurl -->
      </class> <!-- baselibrary.baselibrary -->
    </test> <!-- Default test -->
  </suite> <!-- Default suite -->
</testng-results>
